<?xml version="1.0" encoding="UTF-8"?>
<!-- Generated by org.testng.reporters.JUnitXMLReporter -->
<testsuite ignored="0" hostname="heisenberg" failures="0" tests="9" name="All loans" time="0.347" errors="0" timestamp="2025-01-22T19:24:10 IST">
  <testcase classname="test.Day3" name="APILoginModuleCarLoan" time="0.006"/>
  <testcase classname="test.Day3" name="APISignOutModuleCarLoan" time="0.001"/>
  <testcase classname="test.Day3" name="login" time="0.003"/>
  <testcase classname="test.Day3" name="login" time="0.001"/>
  <testcase classname="test.Day3" name="login" time="0.001"/>
  <testcase classname="test.Day3" name="mobileLoginCarLoan" time="0.003"/>
  <testcase classname="test.Day3" name="mobileSignOutCarLoan" time="0.007"/>
  <testcase classname="test.Day3" name="webLoginCarLoan" time="0.003"/>
  <testcase classname="test.Day3" name="webSignOutCarLoan" time="0.002"/>
</testsuite> <!-- All loans -->
