<?xml version="1.0" encoding="UTF-8"?>
<!-- Generated by org.testng.reporters.JUnitXMLReporter -->
<testsuite ignored="15" hostname="heisenberg" failures="0" tests="6" name="All" time="0.118" errors="0" timestamp="2025-01-21T16:27:53 IST">
  <testcase classname="test.Day2" name="APILoginModulePersonalLoan" time="0.014"/>
  <testcase classname="test.Day2" name="APISignOutModulePersonalLoan" time="0.004"/>
  <testcase classname="test.Day3" name="APILoginModuleCarLoan" time="0.003"/>
  <testcase classname="test.Day3" name="APISignOutModuleCarLoan" time="0.007"/>
  <testcase classname="test.Day4" name="APILoginModuleHomeLoan" time="0.003"/>
  <testcase classname="test.Day4" name="APISignOutModuleHomeLoan" time="0.002"/>
  <testcase classname="test.Day1" name="testngmethod" time="0.0">
    <ignored/>
  </testcase> <!-- testngmethod -->
  <testcase classname="test.Day4" name="webSignOutHomeLoan" time="0.0">
    <ignored/>
  </testcase> <!-- webSignOutHomeLoan -->
  <testcase classname="test.Day2" name="webLoginPersonalLoan" time="0.0">
    <ignored/>
  </testcase> <!-- webLoginPersonalLoan -->
  <testcase classname="test.Day1" name="Demo" time="0.0">
    <ignored/>
  </testcase> <!-- Demo -->
  <testcase classname="test.Day3" name="mobileSignOutCarLoan" time="0.0">
    <ignored/>
  </testcase> <!-- mobileSignOutCarLoan -->
  <testcase classname="test.Day2" name="webSignOutPersonalLoan" time="0.0">
    <ignored/>
  </testcase> <!-- webSignOutPersonalLoan -->
  <testcase classname="test.Day3" name="mobileLoginCarLoan" time="0.0">
    <ignored/>
  </testcase> <!-- mobileLoginCarLoan -->
  <testcase classname="test.Day3" name="webSignOutCarLoan" time="0.0">
    <ignored/>
  </testcase> <!-- webSignOutCarLoan -->
  <testcase classname="test.Day1" name="Demo1" time="0.0">
    <ignored/>
  </testcase> <!-- Demo1 -->
  <testcase classname="test.Day4" name="webLoginHomeLoan" time="0.0">
    <ignored/>
  </testcase> <!-- webLoginHomeLoan -->
  <testcase classname="test.Day4" name="mobileSignOutHomeLoan" time="0.0">
    <ignored/>
  </testcase> <!-- mobileSignOutHomeLoan -->
  <testcase classname="test.Day2" name="mobileSignOutPersonalLoan" time="0.0">
    <ignored/>
  </testcase> <!-- mobileSignOutPersonalLoan -->
  <testcase classname="test.Day2" name="mobileLoginPersonalLoan" time="0.0">
    <ignored/>
  </testcase> <!-- mobileLoginPersonalLoan -->
  <testcase classname="test.Day3" name="webLoginCarLoan" time="0.0">
    <ignored/>
  </testcase> <!-- webLoginCarLoan -->
  <testcase classname="test.Day4" name="mobileLoginHomeLoan" time="0.0">
    <ignored/>
  </testcase> <!-- mobileLoginHomeLoan -->
</testsuite> <!-- All -->
