<?xml version="1.0" encoding="UTF-8"?>
<!-- Generated by org.testng.reporters.JUnitXMLReporter -->
<testsuite ignored="1" hostname="DESKTOP-VUQE3G8" failures="0" tests="5" name="Car loan" time="0.02" errors="0" timestamp="2025-01-17T16:47:16 IST">
  <testcase classname="test.Day3" name="APISignOutModuleCarLoan" time="0.001"/>
  <testcase classname="test.Day3" name="mobileLoginCarLoan" time="0.002"/>
  <testcase classname="test.Day3" name="mobileSignOutCarLoan" time="0.002"/>
  <testcase classname="test.Day3" name="webLoginCarLoan" time="0.001"/>
  <testcase classname="test.Day3" name="webSignOutCarLoan" time="0.002"/>
  <testcase classname="test.Day3" name="APILoginModuleCarLoan" time="0.0">
    <ignored/>
  </testcase> <!-- APILoginModuleCarLoan -->
</testsuite> <!-- Car loan -->
