<?xml version="1.0" encoding="UTF-8"?>
<!-- Generated by org.testng.reporters.JUnitXMLReporter -->
<testsuite ignored="1" hostname="heisenberg" failures="0" tests="12" name="Car and Home loan" time="0.084" errors="0" timestamp="2025-01-22T19:03:28 IST">
  <testcase classname="test.Day3" name="APILoginModuleCarLoan" time="0.005"/>
  <testcase classname="test.Day3" name="APISignOutModuleCarLoan" time="0.003"/>
  <testcase classname="test.Day3" name="mobileLoginCarLoan" time="0.001"/>
  <testcase classname="test.Day3" name="mobileSignOutCarLoan" time="0.002"/>
  <testcase classname="test.Day3" name="webLoginCarLoan" time="0.001"/>
  <testcase classname="test.Day3" name="webSignOutCarLoan" time="0.002"/>
  <testcase classname="test.Day4" name="APILoginModuleHomeLoan" time="0.001"/>
  <testcase classname="test.Day4" name="APISignOutModuleHomeLoan" time="0.001"/>
  <testcase classname="test.Day4" name="mobileLoginHomeLoan" time="0.002"/>
  <testcase classname="test.Day4" name="mobileSignOutHomeLoan" time="0.002"/>
  <testcase classname="test.Day4" name="webLoginHomeLoan" time="0.002"/>
  <testcase classname="test.Day4" name="webSignOutHomeLoan" time="0.001"/>
  <testcase classname="test.Day4" name="disabledMethod" time="0.0">
    <ignored/>
  </testcase> <!-- disabledMethod -->
</testsuite> <!-- Car and Home loan -->
