<?xml version="1.0" encoding="UTF-8"?>
<!-- Generated by org.testng.reporters.JUnitXMLReporter -->
<testsuite ignored="0" hostname="DESKTOP-VUQE3G8" failures="0" tests="12" name="Day2 and Day4" time="0.075" errors="0" timestamp="2025-01-17T19:10:30 IST">
  <testcase classname="test.Day2" name="APILoginModulePersonalLoan" time="0.002"/>
  <testcase classname="test.Day2" name="APISignOutModulePersonalLoan" time="0.002"/>
  <testcase classname="test.Day2" name="mobileLoginPersonalLoan" time="0.002"/>
  <testcase classname="test.Day2" name="mobileSignOutPersonalLoan" time="0.003"/>
  <testcase classname="test.Day2" name="webLoginPersonalLoan" time="0.001"/>
  <testcase classname="test.Day2" name="webSignOutPersonalLoan" time="0.003"/>
  <testcase classname="test.Day4" name="APILoginModuleHomeLoan" time="0.002"/>
  <testcase classname="test.Day4" name="APISignOutModuleHomeLoan" time="0.002"/>
  <testcase classname="test.Day4" name="mobileLoginHomeLoan" time="0.002"/>
  <testcase classname="test.Day4" name="mobileSignOutHomeLoan" time="0.003"/>
  <testcase classname="test.Day4" name="webLoginHomeLoan" time="0.002"/>
  <testcase classname="test.Day4" name="webSignOutHomeLoan" time="0.002"/>
</testsuite> <!-- Day2 and Day4 -->
