<?xml version="1.0" encoding="UTF-8"?>
<!-- Generated by org.testng.reporters.JUnitXMLReporter -->
<testsuite ignored="0" hostname="DESKTOP-VUQE3G8" failures="0" tests="6" name="Day3" time="0.138" errors="0" timestamp="2025-01-17T19:10:30 IST">
  <testcase classname="test.Day3" name="APILoginModuleCarLoan" time="0.011"/>
  <testcase classname="test.Day3" name="APISignOutModuleCarLoan" time="0.002"/>
  <testcase classname="test.Day3" name="mobileLoginCarLoan" time="0.002"/>
  <testcase classname="test.Day3" name="mobileSignOutCarLoan" time="0.002"/>
  <testcase classname="test.Day3" name="webLoginCarLoan" time="0.002"/>
  <testcase classname="test.Day3" name="webSignOutCarLoan" time="0.002"/>
</testsuite> <!-- Day3 -->
