<?xml version="1.0" encoding="UTF-8"?>
<!-- Generated by org.testng.reporters.JUnitXMLReporter -->
<testsuite ignored="5" hostname="DESKTOP-VUQE3G8" failures="0" tests="1" name="Home loan" time="0.006" errors="0" timestamp="2025-01-17T16:47:16 IST">
  <testcase classname="test.Day4" name="APILoginModuleHomeLoan" time="0.001"/>
  <testcase classname="test.Day4" name="webSignOutHomeLoan" time="0.0">
    <ignored/>
  </testcase> <!-- webSignOutHomeLoan -->
  <testcase classname="test.Day4" name="webLoginHomeLoan" time="0.0">
    <ignored/>
  </testcase> <!-- webLoginHomeLoan -->
  <testcase classname="test.Day4" name="APISignOutModuleHomeLoan" time="0.0">
    <ignored/>
  </testcase> <!-- APISignOutModuleHomeLoan -->
  <testcase classname="test.Day4" name="mobileSignOutHomeLoan" time="0.0">
    <ignored/>
  </testcase> <!-- mobileSignOutHomeLoan -->
  <testcase classname="test.Day4" name="mobileLoginHomeLoan" time="0.0">
    <ignored/>
  </testcase> <!-- mobileLoginHomeLoan -->
</testsuite> <!-- Home loan -->
