<?xml version="1.0" encoding="UTF-8"?>
<testng-results ignored="0" total="1" passed="1" failed="0" skipped="0">
  <reporter-output>
  </reporter-output>
  <suite started-at="2025-01-17T15:51:37 IST" name="Default suite" finished-at="2025-01-17T15:51:37 IST" duration-ms="62">
    <groups>
    </groups>
    <test started-at="2025-01-17T15:51:37 IST" name="Default test" finished-at="2025-01-17T15:51:37 IST" duration-ms="62">
      <class name="one.Day1">
        <test-method signature="testngmethod()[pri:0, instance:one.Day1@942a29c]" started-at="2025-01-17T15:51:37 IST" name="testngmethod" finished-at="2025-01-17T15:51:37 IST" duration-ms="15" status="PASS">
          <reporter-output>
          </reporter-output>
        </test-method> <!-- testngmethod -->
      </class> <!-- one.Day1 -->
    </test> <!-- Default test -->
  </suite> <!-- Default suite -->
</testng-results>
