<?xml version="1.0" encoding="UTF-8"?>
<testng-results ignored="0" total="1" passed="1" failed="0" skipped="0">
  <reporter-output>
  </reporter-output>
  <suite started-at="2025-01-16T19:59:56 IST" name="Default suite" finished-at="2025-01-16T19:59:57 IST" duration-ms="77">
    <groups>
    </groups>
    <test started-at="2025-01-16T19:59:56 IST" name="Default test" finished-at="2025-01-16T19:59:57 IST" duration-ms="77">
      <class name="one.Testing">
        <test-method signature="testngmethod()[pri:0, instance:one.Testing@771a660]" started-at="2025-01-16T19:59:56 IST" name="testngmethod" finished-at="2025-01-16T19:59:57 IST" duration-ms="38" status="PASS">
          <reporter-output>
          </reporter-output>
        </test-method> <!-- testngmethod -->
      </class> <!-- one.Testing -->
    </test> <!-- Default test -->
  </suite> <!-- Default suite -->
</testng-results>
